<?xml version="1.0" encoding="UTF-8"?>
<testng-results skipped="0" failed="0" ignored="0" total="1" passed="1">
  <reporter-output>
  </reporter-output>
  <suite name="sikuliProject" duration-ms="12692" started-at="2020-08-09T03:07:21Z" finished-at="2020-08-09T03:07:34Z">
    <groups>
    </groups>
    <test name="chrome Test" duration-ms="12692" started-at="2020-08-09T03:07:21Z" finished-at="2020-08-09T03:07:34Z">
      <class name="com.sikuli.testCases.Registration">
        <test-method status="PASS" signature="setUp(java.lang.String)[pri:0, instance:com.sikuli.testCases.Registration@3c153a1]" name="setUp" is-config="true" duration-ms="6238" started-at="2020-08-09T03:07:21Z" finished-at="2020-08-09T03:07:27Z">
          <params>
            <param index="0">
              <value>
                <![CDATA[chrome]]>
              </value>
            </param>
          </params>
          <reporter-output>
          </reporter-output>
        </test-method> <!-- setUp -->
        <test-method status="PASS" signature="registration()[pri:0, instance:com.sikuli.testCases.Registration@3c153a1]" name="registration" duration-ms="6294" started-at="2020-08-09T03:07:27Z" finished-at="2020-08-09T03:07:34Z">
          <reporter-output>
          </reporter-output>
        </test-method> <!-- registration -->
      </class> <!-- com.sikuli.testCases.Registration -->
    </test> <!-- chrome Test -->
  </suite> <!-- sikuliProject -->
</testng-results>
